make all --print-data-base --no-builtin-variables --no-builtin-rules --question
make: *** No rule to make target 'all'.  Stop.

# GNU Make 4.3
# Built for x86_64-pc-linux-gnu
# Copyright (C) 1988-2020 Free Software Foundation, Inc.
# License GPLv3+: GNU GPL version 3 or later <http://gnu.org/licenses/gpl.html>
# This is free software: you are free to change and redistribute it.
# There is NO WARRANTY, to the extent permitted by law.

# Make data base, printed on Sat May 21 09:54:12 2022

# Variables

# environment
LC_ALL = C
# environment
VSCODE_CWD = /export/home/an21/nevejans
# default
MAKE_COMMAND := make
# environment
VSCODE_HANDLES_SIGPIPE = true
# automatic
@D = $(patsubst %/,%,$(dir $@))
# makefile (from 'Makefile', line 5)
JCFLAGS = -encoding UTF-8 -implicit:none
# environment
VSCODE_HANDLES_UNCAUGHT_ERRORS = true
# default
.VARIABLES := 
# environment
PWD = /export/home/an21/nevejans/SAE21_2021
# automatic
%D = $(patsubst %/,%,$(dir $%))
# environment
MAIL = /var/spool/mail/nevejans
# automatic
^D = $(patsubst %/,%,$(dir $^))
# environment
VSCODE_LOG_STACK = false
# automatic
%F = $(notdir $%)
# environment
LANG = C
# default
.LOADED := 
# default
.INCLUDE_DIRS = /usr/include /usr/local/include /usr/include
# makefile
MAKEFLAGS = pqrR
# makefile
CURDIR := /export/home/an21/nevejans/SAE21_2021
# environment
VSCODE_PIPE_LOGGING = true
# environment
APPLICATION_INSIGHTS_NO_DIAGNOSTIC_CHANNEL = true
# automatic
*D = $(patsubst %/,%,$(dir $*))
# environment
MFLAGS = -pqrR
# default
.SHELLFLAGS := -c
# automatic
+D = $(patsubst %/,%,$(dir $+))
# makefile (from 'Makefile', line 1)
MAKEFILE_LIST := Makefile
# makefile (from 'Makefile', line 4)
JC = javac
# automatic
@F = $(notdir $@)
# environment
VSCODE_VERBOSE_LOGGING = true
# environment
XDG_SESSION_TYPE = tty
# automatic
?D = $(patsubst %/,%,$(dir $?))
# automatic
*F = $(notdir $*)
# environment
DBUS_SESSION_BUS_ADDRESS = unix:path=/run/user/5832/bus
# automatic
<D = $(patsubst %/,%,$(dir $<))
# environment
VSCODE_NLS_CONFIG = {"locale":"en","availableLanguages":{}}
# default
MAKE_HOST := x86_64-pc-linux-gnu
# makefile
SHELL = /bin/sh
# default
MAKECMDGOALS := all
# environment
SHLVL = 1
# makefile (from 'Makefile', line 7)
JVM = java
# environment
MAKELEVEL := 0
# default
MAKE = $(MAKE_COMMAND)
# environment
PATH = /export/home/an21/nevejans/.vscode-server/bin/c3511e6c69bb39013c4a4b7b9566ec1ca73fc4d5/bin/remote-cli:/usr/local/sbin:/usr/local/bin:/usr/bin:/usr/lib/jvm/default/bin:/usr/bin/site_perl:/usr/bin/vendor_perl:/usr/bin/core_perl
# default
MAKEFILES := 
# environment
MOTD_SHOWN = pam
# automatic
^F = $(notdir $^)
# environment
SSH_CLIENT = 90.61.115.149 59702 22
# environment
VSCODE_LOG_NATIVE = false
# automatic
?F = $(notdir $?)
# automatic
+F = $(notdir $+)
# 'override' directive
GNUMAKEFLAGS := 
# environment
BROWSER = /export/home/an21/nevejans/.vscode-server/bin/c3511e6c69bb39013c4a4b7b9566ec1ca73fc4d5/bin/helpers/browser.sh
# environment
LOGNAME = nevejans
# makefile
.DEFAULT_GOAL := ActionButton.class
# environment
USER = nevejans
# default
MAKE_VERSION := 4.3
# environment
VSCODE_EXTHOST_WILL_SEND_SOCKET = true
# environment
VSCODE_AGENT_FOLDER = /export/home/an21/nevejans/.vscode-server
# environment
_ = /usr/bin/make
# environment
XDG_RUNTIME_DIR = /run/user/5832
# environment
VSCODE_IPC_HOOK_CLI = /run/user/5832/vscode-ipc-293a9a8e-4f57-4088-84be-70d3415c8831.sock
# environment
XDG_SESSION_CLASS = user
# environment
VSCODE_AMD_ENTRYPOINT = vs/workbench/api/node/extensionHostProcess
# environment
HOME = /export/home/an21/nevejans
# environment
XDG_SESSION_ID = 10506
# default
.RECIPEPREFIX := 
# automatic
<F = $(notdir $<)
# default
SUFFIXES := 
# default
.FEATURES := target-specific order-only second-expansion else-if shortest-stem undefine oneshell nocomment grouped-target extra-prereqs archives jobserver output-sync check-symlink guile load
# environment
SSH_CONNECTION = 90.61.115.149 59702 172.16.1.30 22
# variable set hash-table stats:
# Load=70/1024=7%, Rehash=0, Collisions=2/102=2%

# Pattern-specific Variable Values

# No pattern-specific variable values.

# Directories

# . (device 2081, inode 36553686): 37 files, no impossibilities.

# 37 files, no impossibilities in 1 directories.

# Implicit Rules

# No implicit rules.

# Files

# Not a target:
Menu2.java:
#  Implicit rule search has not been done.
#  Modification time never checked.
#  File has not been updated.

# Not a target:
Test.java:
#  Implicit rule search has not been done.
#  Modification time never checked.
#  File has not been updated.

# Not a target:
ActionMenu.java:
#  Implicit rule search has not been done.
#  Modification time never checked.
#  File has not been updated.

Test.class: Test.java
#  Implicit rule search has not been done.
#  Modification time never checked.
#  File has not been updated.
#  recipe to execute (from 'Makefile', line 38):
	${JC} ${JCFLAGS} Test.java
	

# Not a target:
Menu.java:
#  Implicit rule search has not been done.
#  Modification time never checked.
#  File has not been updated.

Menu2.class: Menu2.java ActionMenu2.class
#  Implicit rule search has not been done.
#  Modification time never checked.
#  File has not been updated.
#  recipe to execute (from 'Makefile', line 26):
	${JC} ${JCFLAGS} Menu2.java

# Not a target:
Makefile:
#  Implicit rule search has been done.
#  Last modified 2022-05-17 11:12:01.38919685
#  File has been updated.
#  Successfully updated.

mrproper: clean MainMenu.class
#  Phony target (prerequisite of .PHONY).
#  Implicit rule search has not been done.
#  File does not exist.
#  File has not been updated.

clean:
#  Phony target (prerequisite of .PHONY).
#  Implicit rule search has not been done.
#  File does not exist.
#  File has not been updated.
#  recipe to execute (from 'Makefile', line 50):
	-rm -f *.class

# Not a target:
MainMenu.java:
#  Implicit rule search has not been done.
#  Modification time never checked.
#  File has not been updated.

MainMenu.class: MainMenu.java Menu.class
#  Implicit rule search has not been done.
#  Modification time never checked.
#  File has not been updated.
#  recipe to execute (from 'Makefile', line 17):
	${JC} ${JCFLAGS} MainMenu.java

-encoding: none ActionButton.java
#  Implicit rule search has not been done.
#  Modification time never checked.
#  File has not been updated.

# Not a target:
ActionMenu2.java:
#  Implicit rule search has not been done.
#  Modification time never checked.
#  File has not been updated.

# Not a target:
.DEFAULT:
#  Implicit rule search has not been done.
#  Modification time never checked.
#  File has not been updated.

# Not a target:
all:
#  Command line target.
#  Implicit rule search has been done.
#  File does not exist.
#  File has not been updated.

run: MainMenu.class
#  Phony target (prerequisite of .PHONY).
#  Implicit rule search has not been done.
#  File does not exist.
#  File has not been updated.
#  recipe to execute (from 'Makefile', line 47):
	${JVM} ${JVMFLAGS} MainMenu

# Not a target:
Case.java:
#  Implicit rule search has not been done.
#  Modification time never checked.
#  File has not been updated.

# Not a target:
 
ActionButton.java:
#  Implicit rule search has not been done.
#  Modification time never checked.
#  File has not been updated.

# Not a target:
none:
#  Implicit rule search has not been done.
#  Modification time never checked.
#  File has not been updated.

# Not a target:
Fenetre.java:
#  Implicit rule search has not been done.
#  Modification time never checked.
#  File has not been updated.

ActionButton.class: ActionButton.java MainMenu.class
#  Implicit rule search has not been done.
#  Modification time never checked.
#  File has not been updated.

javac: none ActionButton.java
#  Implicit rule search has not been done.
#  Modification time never checked.
#  File has not been updated.

-implicit: none ActionButton.java
#  Implicit rule search has not been done.
#  Modification time never checked.
#  File has not been updated.

ActionMenu.class: ActionMenu.java Menu2.class
#  Implicit rule search has not been done.
#  Modification time never checked.
#  File has not been updated.
#  recipe to execute (from 'Makefile', line 23):
	${JC} ${JCFLAGS} ActionMenu.java

Case.class: Case.java Test.class
#  Implicit rule search has not been done.
#  Modification time never checked.
#  File has not been updated.
#  recipe to execute (from 'Makefile', line 35):
	${JC} ${JCFLAGS} Case.java

Fenetre.class: Fenetre.java Case.class
#  Implicit rule search has not been done.
#  Modification time never checked.
#  File has not been updated.
#  recipe to execute (from 'Makefile', line 32):
	${JC} ${JCFLAGS} Fenetre.java

Menu.class: Menu.java ActionMenu.class
#  Implicit rule search has not been done.
#  Modification time never checked.
#  File has not been updated.
#  recipe to execute (from 'Makefile', line 20):
	${JC} ${JCFLAGS} Menu.java

.PHONY: run clean mrproper
#  Implicit rule search has not been done.
#  Modification time never checked.
#  File has not been updated.

UTF-8: none ActionButton.java
#  Implicit rule search has not been done.
#  Modification time never checked.
#  File has not been updated.

ActionMenu2.class: ActionMenu2.java Fenetre.class
#  Implicit rule search has not been done.
#  Modification time never checked.
#  File has not been updated.
#  recipe to execute (from 'Makefile', line 29):
	${JC} ${JCFLAGS} ActionMenu2.java

# files hash-table stats:
# Load=31/1024=3%, Rehash=0, Collisions=0/74=0%
# VPATH Search Paths

# No 'vpath' search paths.

# No general ('VPATH' variable) search path.

# strcache buffers: 1 (0) / strings = 51 / storage = 652 B / avg = 12 B
# current buf: size = 8162 B / used = 652 B / count = 51 / avg = 12 B

# strcache performance: lookups = 105 / hit rate = 51%
# hash-table stats:
# Load=51/8192=1%, Rehash=0, Collisions=0/105=0%
# Finished Make data base on Sat May 21 09:54:12 2022

 
